Base path: /Applications/Unity/Unity.app/Contents
Pipe name: \\.\pipe\UnityShaderCompiler-1--1588223576
Cmd: getPlatforms
Cmd: compileSnippet
  api=5 type=0 insize=1306 outsize=1080 kw= ok=1
Cmd: compileSnippet
  api=5 type=1 insize=1306 outsize=6 kw= ok=1
Cmd: compileSnippet
  api=5 type=0 insize=1373 outsize=957 kw= ok=1
Cmd: compileSnippet
  api=5 type=1 insize=1373 outsize=6 kw= ok=1
Cmd: compileSnippet
  api=5 type=0 insize=1126 outsize=945 kw= ok=1
Cmd: compileSnippet
  api=5 type=1 insize=1126 outsize=6 kw= ok=1
Cmd: compileSnippet
  api=5 type=0 insize=1147 outsize=1040 kw= ok=1
Cmd: compileSnippet
  api=5 type=1 insize=1147 outsize=6 kw= ok=1
Cmd: compileSnippet
  api=5 type=0 insize=1081 outsize=916 kw= ok=1
Cmd: compileSnippet
  api=5 type=1 insize=1081 outsize=6 kw= ok=1
