Base path: /Applications/Unity/Unity.app/Contents
Pipe name: \\.\pipe\UnityShaderCompiler-2--1334542336
Cmd: getPlatforms
Cmd: compileSnippet
  api=1 type=0 insize=1306 outsize=186 kw= ok=1
Cmd: compileSnippet
  api=1 type=1 insize=1306 outsize=217 kw= ok=1
Cmd: compileSnippet
  api=8 type=1 insize=1306 outsize=1690 kw= ok=1
Cmd: compileSnippet
  api=1 type=0 insize=1373 outsize=186 kw= ok=1
Cmd: compileSnippet
  api=1 type=1 insize=1373 outsize=207 kw= ok=1
Cmd: compileSnippet
  api=8 type=1 insize=1373 outsize=1609 kw= ok=1
Cmd: compileSnippet
  api=1 type=0 insize=1126 outsize=186 kw= ok=1
Cmd: compileSnippet
  api=1 type=1 insize=1126 outsize=235 kw= ok=1
Cmd: compileSnippet
  api=8 type=1 insize=1126 outsize=1495 kw= ok=1
Cmd: compileSnippet
  api=1 type=0 insize=1147 outsize=158 kw= ok=1
Cmd: compileSnippet
  api=1 type=1 insize=1147 outsize=343 kw= ok=1
Cmd: compileSnippet
  api=8 type=1 insize=1147 outsize=2015 kw= ok=1
Cmd: compileSnippet
  api=1 type=0 insize=1081 outsize=171 kw= ok=1
Cmd: compileSnippet
  api=1 type=1 insize=1081 outsize=152 kw= ok=1
Cmd: compileSnippet
  api=8 type=1 insize=1081 outsize=1390 kw= ok=1
End of pipe

Quitting shader compiler process
